<?xml version="1.0" encoding="UTF-8"?>
<!-- Generated by org.testng.reporters.JUnitXMLReporter -->
<testsuite ignored="0" hostname="SamirRegmi" failures="0" tests="2" name="Default test" time="15.378" errors="0" timestamp="2022-08-14T07:41:33 PDT">
  <testcase classname="com.Bolt.HomePage.UIElementsFunctionalityTest" name="verifyContact_usTabIsClickable" time="3.283"/>
  <testcase classname="com.Bolt.HomePage.UIElementsFunctionalityTest" name="verifyRequestademoTabIsFunctional" time="0.587"/>
</testsuite> <!-- Default test -->
