<?xml version="1.0" encoding="UTF-8"?>
<testng-results ignored="0" total="2" passed="2" failed="0" skipped="0">
  <reporter-output>
  </reporter-output>
  <suite started-at="2022-08-14T07:41:18 PDT" name="Default suite" finished-at="2022-08-14T07:41:33 PDT" duration-ms="15378">
    <groups>
    </groups>
    <test started-at="2022-08-14T07:41:18 PDT" name="Default test" finished-at="2022-08-14T07:41:33 PDT" duration-ms="15378">
      <class name="com.Bolt.HomePage.UIElementsFunctionalityTest">
        <test-method is-config="true" signature="loadBrowser()[pri:0, instance:com.Bolt.HomePage.UIElementsFunctionalityTest@3e58a80e]" started-at="2022-08-14T07:41:18 PDT" name="loadBrowser" finished-at="2022-08-14T07:41:26 PDT" duration-ms="7581" status="PASS">
          <reporter-output>
          </reporter-output>
        </test-method> <!-- loadBrowser -->
        <test-method signature="verifyContact_usTabIsClickable()[pri:0, instance:com.Bolt.HomePage.UIElementsFunctionalityTest@3e58a80e]" started-at="2022-08-14T07:41:26 PDT" name="verifyContact_usTabIsClickable" finished-at="2022-08-14T07:41:29 PDT" duration-ms="3283" status="PASS">
          <reporter-output>
          </reporter-output>
        </test-method> <!-- verifyContact_usTabIsClickable -->
        <test-method is-config="true" signature="closeBrowser()[pri:0, instance:com.Bolt.HomePage.UIElementsFunctionalityTest@3e58a80e]" started-at="2022-08-14T07:41:29 PDT" name="closeBrowser" finished-at="2022-08-14T07:41:29 PDT" duration-ms="334" status="PASS">
          <reporter-output>
          </reporter-output>
        </test-method> <!-- closeBrowser -->
        <test-method is-config="true" signature="loadBrowser()[pri:0, instance:com.Bolt.HomePage.UIElementsFunctionalityTest@3e58a80e]" started-at="2022-08-14T07:41:29 PDT" name="loadBrowser" finished-at="2022-08-14T07:41:33 PDT" duration-ms="3369" status="PASS">
          <reporter-output>
          </reporter-output>
        </test-method> <!-- loadBrowser -->
        <test-method signature="verifyRequestademoTabIsFunctional()[pri:0, instance:com.Bolt.HomePage.UIElementsFunctionalityTest@3e58a80e]" started-at="2022-08-14T07:41:33 PDT" name="verifyRequestademoTabIsFunctional" finished-at="2022-08-14T07:41:33 PDT" duration-ms="587" status="PASS">
          <reporter-output>
          </reporter-output>
        </test-method> <!-- verifyRequestademoTabIsFunctional -->
        <test-method is-config="true" signature="closeBrowser()[pri:0, instance:com.Bolt.HomePage.UIElementsFunctionalityTest@3e58a80e]" started-at="2022-08-14T07:41:33 PDT" name="closeBrowser" finished-at="2022-08-14T07:41:33 PDT" duration-ms="187" status="PASS">
          <reporter-output>
          </reporter-output>
        </test-method> <!-- closeBrowser -->
      </class> <!-- com.Bolt.HomePage.UIElementsFunctionalityTest -->
    </test> <!-- Default test -->
  </suite> <!-- Default suite -->
</testng-results>
